# JRE version: OpenJDK Runtime Environment (8.0_152-b01) (build 1.8.0_152-release-1343-b01)
# Java VM: OpenJDK 64-Bit Server VM (25.152-b01 mixed mode windows-amd64 compressed oops)
Heap:
 PSYoungGen      total 306688K, used 24679K [0x00000000e0000000, 0x00000000f5f80000, 0x0000000100000000)
  eden space 287232K, 3% used [0x00000000e0000000,0x00000000e09849c8,0x00000000f1880000)
  from space 19456K, 76% used [0x00000000f1880000,0x00000000f2715530,0x00000000f2b80000)
  to   space 20992K, 0% used [0x00000000f4b00000,0x00000000f4b00000,0x00000000f5f80000)
 ParOldGen       total 117760K, used 38827K [0x00000000a0000000, 0x00000000a7300000, 0x00000000e0000000)
  object space 117760K, 32% used [0x00000000a0000000,0x00000000a25eaf70,0x00000000a7300000)
 Metaspace       used 77516K, capacity 80080K, committed 80344K, reserved 1118208K
  class space    used 10138K, capacity 10648K, committed 10752K, reserved 1048576K
GC Heap History (10 events):
Event: 66.939 GC heap before
{Heap before GC invocations=16 (full 3):
 PSYoungGen      total 208896K, used 190464K [0x00000000e0000000, 0x00000000eea80000, 0x0000000100000000)
  eden space 190464K, 100% used [0x00000000e0000000,0x00000000eba00000,0x00000000eba00000)
  from space 18432K, 0% used [0x00000000ecc80000,0x00000000ecc80000,0x00000000ede80000)
  to   space 18944K, 0% used [0x00000000eba00000,0x00000000eba00000,0x00000000ecc80000)
 ParOldGen       total 117760K, used 29149K [0x00000000a0000000, 0x00000000a7300000, 0x00000000e0000000)
  object space 117760K, 24% used [0x00000000a0000000,0x00000000a1c77508,0x00000000a7300000)
 Metaspace       used 65512K, capacity 67544K, committed 67672K, reserved 1107968K
  class space    used 8835K, capacity 9296K, committed 9344K, reserved 1048576K
Event: 66.972 GC heap after
Heap after GC invocations=16 (full 3):
 PSYoungGen      total 209408K, used 14061K [0x00000000e0000000, 0x00000000f1980000, 0x0000000100000000)
  eden space 190464K, 0% used [0x00000000e0000000,0x00000000e0000000,0x00000000eba00000)
  from space 18944K, 74% used [0x00000000eba00000,0x00000000ec7bb6d8,0x00000000ecc80000)
  to   space 19968K, 0% used [0x00000000f0600000,0x00000000f0600000,0x00000000f1980000)
 ParOldGen       total 117760K, used 29157K [0x00000000a0000000, 0x00000000a7300000, 0x00000000e0000000)
  object space 117760K, 24% used [0x00000000a0000000,0x00000000a1c79508,0x00000000a7300000)
 Metaspace       used 65512K, capacity 67544K, committed 67672K, reserved 1107968K
  class space    used 8835K, capacity 9296K, committed 9344K, reserved 1048576K
}
Event: 90.834 GC heap before
{Heap before GC invocations=17 (full 3):
 PSYoungGen      total 209408K, used 204525K [0x00000000e0000000, 0x00000000f1980000, 0x0000000100000000)
  eden space 190464K, 100% used [0x00000000e0000000,0x00000000eba00000,0x00000000eba00000)
  from space 18944K, 74% used [0x00000000eba00000,0x00000000ec7bb6d8,0x00000000ecc80000)
  to   space 19968K, 0% used [0x00000000f0600000,0x00000000f0600000,0x00000000f1980000)
 ParOldGen       total 117760K, used 29157K [0x00000000a0000000, 0x00000000a7300000, 0x00000000e0000000)
  object space 117760K, 24% used [0x00000000a0000000,0x00000000a1c79508,0x00000000a7300000)
 Metaspace       used 68328K, capacity 70384K, committed 70488K, reserved 1110016K
  class space    used 9087K, capacity 9546K, committed 9600K, reserved 1048576K
Event: 90.878 GC heap after
Heap after GC invocations=17 (full 3):
 PSYoungGen      total 251904K, used 4286K [0x00000000e0000000, 0x00000000f1100000, 0x0000000100000000)
  eden space 240640K, 0% used [0x00000000e0000000,0x00000000e0000000,0x00000000eeb00000)
  from space 11264K, 38% used [0x00000000f0600000,0x00000000f0a2f818,0x00000000f1100000)
  to   space 19456K, 0% used [0x00000000eeb00000,0x00000000eeb00000,0x00000000efe00000)
 ParOldGen       total 117760K, used 38803K [0x00000000a0000000, 0x00000000a7300000, 0x00000000e0000000)
  object space 117760K, 32% used [0x00000000a0000000,0x00000000a25e4f70,0x00000000a7300000)
 Metaspace       used 68328K, capacity 70384K, committed 70488K, reserved 1110016K
  class space    used 9087K, capacity 9546K, committed 9600K, reserved 1048576K
}
Event: 101.303 GC heap before
{Heap before GC invocations=18 (full 3):
 PSYoungGen      total 251904K, used 244926K [0x00000000e0000000, 0x00000000f1100000, 0x0000000100000000)
  eden space 240640K, 100% used [0x00000000e0000000,0x00000000eeb00000,0x00000000eeb00000)
  from space 11264K, 38% used [0x00000000f0600000,0x00000000f0a2f818,0x00000000f1100000)
  to   space 19456K, 0% used [0x00000000eeb00000,0x00000000eeb00000,0x00000000efe00000)
 ParOldGen       total 117760K, used 38803K [0x00000000a0000000, 0x00000000a7300000, 0x00000000e0000000)
  object space 117760K, 32% used [0x00000000a0000000,0x00000000a25e4f70,0x00000000a7300000)
 Metaspace       used 69098K, capacity 71192K, committed 71384K, reserved 1112064K
  class space    used 9154K, capacity 9618K, committed 9728K, reserved 1048576K
Event: 101.320 GC heap after
Heap after GC invocations=18 (full 3):
 PSYoungGen      total 260096K, used 4040K [0x00000000e0000000, 0x00000000f4580000, 0x0000000100000000)
  eden space 240640K, 0% used [0x00000000e0000000,0x00000000e0000000,0x00000000eeb00000)
  from space 19456K, 20% used [0x00000000eeb00000,0x00000000eeef2188,0x00000000efe00000)
  to   space 19456K, 0% used [0x00000000f3280000,0x00000000f3280000,0x00000000f4580000)
 ParOldGen       total 117760K, used 38811K [0x00000000a0000000, 0x00000000a7300000, 0x00000000e0000000)
  object space 117760K, 32% used [0x00000000a0000000,0x00000000a25e6f70,0x00000000a7300000)
 Metaspace       used 69098K, capacity 71192K, committed 71384K, reserved 1112064K
  class space    used 9154K, capacity 9618K, committed 9728K, reserved 1048576K
}
Event: 118.193 GC heap before
{Heap before GC invocations=19 (full 3):
 PSYoungGen      total 260096K, used 244680K [0x00000000e0000000, 0x00000000f4580000, 0x0000000100000000)
  eden space 240640K, 100% used [0x00000000e0000000,0x00000000eeb00000,0x00000000eeb00000)
  from space 19456K, 20% used [0x00000000eeb00000,0x00000000eeef2188,0x00000000efe00000)
  to   space 19456K, 0% used [0x00000000f3280000,0x00000000f3280000,0x00000000f4580000)
 ParOldGen       total 117760K, used 38811K [0x00000000a0000000, 0x00000000a7300000, 0x00000000e0000000)
  object space 117760K, 32% used [0x00000000a0000000,0x00000000a25e6f70,0x00000000a7300000)
 Metaspace       used 74914K, capacity 77016K, committed 77144K, reserved 1116160K
  class space    used 9786K, capacity 10258K, committed 10368K, reserved 1048576K
Event: 118.244 GC heap after
Heap after GC invocations=19 (full 3):
 PSYoungGen      total 299520K, used 11803K [0x00000000e0000000, 0x00000000f3e80000, 0x0000000100000000)
  eden space 287232K, 0% used [0x00000000e0000000,0x00000000e0000000,0x00000000f1880000)
  from space 12288K, 96% used [0x00000000f3280000,0x00000000f3e06d70,0x00000000f3e80000)
  to   space 19456K, 0% used [0x00000000f1880000,0x00000000f1880000,0x00000000f2b80000)
 ParOldGen       total 117760K, used 38819K [0x00000000a0000000, 0x00000000a7300000, 0x00000000e0000000)
  object space 117760K, 32% used [0x00000000a0000000,0x00000000a25e8f70,0x00000000a7300000)
 Metaspace       used 74914K, capacity 77016K, committed 77144K, reserved 1116160K
  class space    used 9786K, capacity 10258K, committed 10368K, reserved 1048576K
}
Event: 152.500 GC heap before
{Heap before GC invocations=20 (full 3):
 PSYoungGen      total 299520K, used 299035K [0x00000000e0000000, 0x00000000f3e80000, 0x0000000100000000)
  eden space 287232K, 100% used [0x00000000e0000000,0x00000000f1880000,0x00000000f1880000)
  from space 12288K, 96% used [0x00000000f3280000,0x00000000f3e06d70,0x00000000f3e80000)
  to   space 19456K, 0% used [0x00000000f1880000,0x00000000f1880000,0x00000000f2b80000)
 ParOldGen       total 117760K, used 38819K [0x00000000a0000000, 0x00000000a7300000, 0x00000000e0000000)
  object space 117760K, 32% used [0x00000000a0000000,0x00000000a25e8f70,0x00000000a7300000)
 Metaspace       used 77509K, capacity 80080K, committed 80344K, reserved 1118208K
  class space    used 10138K, capacity 10648K, committed 10752K, reserved 1048576K
Event: 152.539 GC heap after
Heap after GC invocations=20 (full 3):
 PSYoungGen      total 306688K, used 14933K [0x00000000e0000000, 0x00000000f5f80000, 0x0000000100000000)
  eden space 287232K, 0% used [0x00000000e0000000,0x00000000e0000000,0x00000000f1880000)
  from space 19456K, 76% used [0x00000000f1880000,0x00000000f2715530,0x00000000f2b80000)
  to   space 20992K, 0% used [0x00000000f4b00000,0x00000000f4b00000,0x00000000f5f80000)
 ParOldGen       total 117760K, used 38827K [0x00000000a0000000, 0x00000000a7300000, 0x00000000e0000000)
  object space 117760K, 32% used [0x00000000a0000000,0x00000000a25eaf70,0x00000000a7300000)
 Metaspace       used 77509K, capacity 80080K, committed 80344K, reserved 1118208K
  class space    used 10138K, capacity 10648K, committed 10752K, reserved 1048576K
}

